\BOOKMARK [0][]{chapter*.4}{\315ndice de figuras}{}% 1
\BOOKMARK [0][]{chapter*.5}{\315ndice de tablas}{}% 2
\BOOKMARK [0][]{chapter.1}{1 Introducci\363n}{}% 3
\BOOKMARK [1][]{section.1.1}{1.1 Clasificaci\363n de Hubble}{chapter.1}% 4
\BOOKMARK [1][]{section.1.2}{1.2 AGNs}{chapter.1}% 5
\BOOKMARK [1][]{section.1.3}{1.3 Bimodalidad}{chapter.1}% 6
\BOOKMARK [2][]{subsection.1.3.1}{1.3.1 El Valle Verde}{section.1.3}% 7
\BOOKMARK [1][]{section.1.4}{1.4 Bimodalidad y Apagado en la Formaci\363n Estelar}{chapter.1}% 8
\BOOKMARK [1][]{section.1.5}{1.5 El AGN como regulador de la formaci\363n estelar}{chapter.1}% 9
\BOOKMARK [1][]{section.1.6}{1.6 Espirales Rojas: La Excepci\363n a la Regla}{chapter.1}% 10
\BOOKMARK [1][]{section.1.7}{1.7 UGC11680}{chapter.1}% 11
\BOOKMARK [1][]{section.1.8}{1.8 Objetivos}{chapter.1}% 12
\BOOKMARK [2][]{subsection.1.8.1}{1.8.1 Estructura de la tesis}{section.1.8}% 13
\BOOKMARK [0][]{chapter.2}{2 Estudio de las poblaciones estelares}{}% 14
\BOOKMARK [1][]{section.2.1}{2.1 Espectroscop\355a De Campo integral}{chapter.2}% 15
\BOOKMARK [2][]{subsection.2.1.1}{2.1.1 CALIFA}{section.2.1}% 16
\BOOKMARK [2][]{subsection.2.1.2}{2.1.2 Enrojecimiento por Polvo}{section.2.1}% 17
\BOOKMARK [2][]{subsection.2.1.3}{2.1.3 Tasa de formaci\363n estelar}{section.2.1}% 18
\BOOKMARK [2][]{subsection.2.1.4}{2.1.4 La secuencia de galaxias formadoras de estrellas}{section.2.1}% 19
\BOOKMARK [1][]{section.2.2}{2.2 An\341lisis de poblaciones estelares}{chapter.2}% 20
\BOOKMARK [2][]{subsection.2.2.1}{2.2.1 El Mapa de Historia de Formaci\363n Estelar}{section.2.2}% 21
\BOOKMARK [0][]{chapter.3}{3 An\341lisis de Resultados}{}% 22
\BOOKMARK [1][]{section.3.1}{3.1 Los Datos y sus Promedios}{chapter.3}% 23
\BOOKMARK [1][]{section.3.2}{3.2 Promedios de los SFH\(t,R\)}{chapter.3}% 24
\BOOKMARK [1][]{section.3.3}{3.3 Par\341metros Analizados}{chapter.3}% 25
\BOOKMARK [2][]{subsection.3.3.1}{3.3.1 Perfil Radial de Densidad de Masa Estelar \(PR *\) }{section.3.3}% 26
\BOOKMARK [2][]{subsection.3.3.2}{3.3.2 Historia de Crecimiento de Masa \(HCM\(t\)\)}{section.3.3}% 27
\BOOKMARK [2][]{subsection.3.3.3}{3.3.3 Distribuci\363n Radial de la Densidad Superficial de la Tasa de Formaci\363n Estelar}{section.3.3}% 28
\BOOKMARK [1][]{section.3.4}{3.4 Comparaci\363n y ajuste usando la distribuci\363n 2}{chapter.3}% 29
\BOOKMARK [2][]{subsection.3.4.1}{3.4.1 Ajuste de 2UGC11680 con respecto a las Distribuciones Categ\363ricas}{section.3.4}% 30
\BOOKMARK [0][]{chapter.4}{4 Conclusiones}{}% 31
\BOOKMARK [0][]{appendix.Alph1}{A Regiones Ionizadas}{}% 32
\BOOKMARK [1][]{section.Alph1.1}{A.1 Diagramas BPT}{appendix.Alph1}% 33
\BOOKMARK [0][]{appendix.Alph2}{B Tabla de conversi\363n}{}% 34
\BOOKMARK [0][]{appendix*.31}{Bibliograf\355a}{}% 35
